<?xml version="1.0" encoding="UTF-8"?>
<!-- Generated by org.testng.reporters.JUnitXMLReporter -->
<testsuite hostname="AlekyaKrishna" ignored="0" name="Test" tests="2" failures="0" timestamp="11 Oct 2017 00:59:23 GMT" time="9.658" errors="0">
  <testcase name="@BeforeClass setUp" time="0.001" classname="com.pack.pageobjects.FlightBookingTest">
    <failure type="java.lang.NullPointerException">
      <![CDATA[java.lang.NullPointerException
	at com.pack.pageobjects.FlightBookingTest.setUp(FlightBookingTest.java:27)
... Removed 25 stack frames]]>
    </failure>
  </testcase> <!-- @BeforeClass setUp -->
  <testcase name="@AfterClass tearDown" time="0.0" classname="com.pack.main.TestSetup">
    <skipped/>
  </testcase> <!-- @AfterClass tearDown -->
  <testcase name="verifyHomePage" time="0.0" classname="com.pack.pageobjects.FlightBookingTest">
    <skipped/>
  </testcase> <!-- verifyHomePage -->
  <testcase name="verifyLogInFunction" time="0.0" classname="com.pack.pageobjects.FlightBookingTest">
    <skipped/>
  </testcase> <!-- verifyLogInFunction -->
</testsuite> <!-- Test -->
